{"C:\\Users\\Upadhya\\Desktop\\namste react\\component\\contactUs.js": {"path":"C:\\Users\\Upadhya\\Desktop\\namste react\\component\\contactUs.js","statementMap":{"0":{"start":{"line":1,"column":18},"end":{"line":10,"column":1}},"1":{"start":{"line":2,"column":4},"end":{"line":9,"column":5}}},"fnMap":{"0":{"name":"(anonymous_0)","decl":{"start":{"line":1,"column":18},"end":{"line":1,"column":19}},"loc":{"start":{"line":1,"column":22},"end":{"line":10,"column":1}},"line":1}},"branchMap":{},"s":{"0":1,"1":1},"f":{"0":1},"b":{},"_coverageSchema":"1a1c01bbd47fc00a2c39e90264f33305004495a9","hash":"f5e8174b656204688a57b5d4654f672fb66afada"}
,"C:\\Users\\Upadhya\\Desktop\\namste react\\component\\header.js": {"path":"C:\\Users\\Upadhya\\Desktop\\namste react\\component\\header.js","statementMap":{"0":{"start":{"line":7,"column":15},"end":{"line":40,"column":1}},"1":{"start":{"line":9,"column":38},"end":{"line":9,"column":55}},"2":{"start":{"line":11,"column":21},"end":{"line":11,"column":38}},"3":{"start":{"line":13,"column":18},"end":{"line":13,"column":58}},"4":{"start":{"line":13,"column":41},"end":{"line":13,"column":57}},"5":{"start":{"line":14,"column":0},"end":{"line":14,"column":22}},"6":{"start":{"line":18,"column":4},"end":{"line":39,"column":5}},"7":{"start":{"line":32,"column":62},"end":{"line":32,"column":129}}},"fnMap":{"0":{"name":"(anonymous_0)","decl":{"start":{"line":7,"column":15},"end":{"line":7,"column":16}},"loc":{"start":{"line":7,"column":20},"end":{"line":40,"column":1}},"line":7},"1":{"name":"(anonymous_1)","decl":{"start":{"line":13,"column":30},"end":{"line":13,"column":31}},"loc":{"start":{"line":13,"column":41},"end":{"line":13,"column":57}},"line":13},"2":{"name":"(anonymous_2)","decl":{"start":{"line":32,"column":55},"end":{"line":32,"column":56}},"loc":{"start":{"line":32,"column":60},"end":{"line":32,"column":130}},"line":32}},"branchMap":{"0":{"loc":{"start":{"line":25,"column":56},"end":{"line":25,"column":86}},"type":"cond-expr","locations":[{"start":{"line":25,"column":77},"end":{"line":25,"column":81}},{"start":{"line":25,"column":82},"end":{"line":25,"column":86}}],"line":25},"1":{"loc":{"start":{"line":32,"column":62},"end":{"line":32,"column":129}},"type":"cond-expr","locations":[{"start":{"line":32,"column":87},"end":{"line":32,"column":108}},{"start":{"line":32,"column":109},"end":{"line":32,"column":129}}],"line":32}},"s":{"0":1,"1":4,"2":4,"3":4,"4":7,"5":4,"6":4,"7":1},"f":{"0":4,"1":7,"2":1},"b":{"0":[4,0],"1":[1,0]},"_coverageSchema":"1a1c01bbd47fc00a2c39e90264f33305004495a9","hash":"8fde6fbabc4a45d880c664371a87e836bf25c3e4"}
,"C:\\Users\\Upadhya\\Desktop\\namste react\\component\\sum.js": {"path":"C:\\Users\\Upadhya\\Desktop\\namste react\\component\\sum.js","statementMap":{"0":{"start":{"line":1,"column":19},"end":{"line":3,"column":3}},"1":{"start":{"line":2,"column":4},"end":{"line":2,"column":17}}},"fnMap":{"0":{"name":"(anonymous_0)","decl":{"start":{"line":1,"column":19},"end":{"line":1,"column":20}},"loc":{"start":{"line":1,"column":29},"end":{"line":3,"column":3}},"line":1}},"branchMap":{},"s":{"0":1,"1":1},"f":{"0":1},"b":{},"_coverageSchema":"1a1c01bbd47fc00a2c39e90264f33305004495a9","hash":"bac404c9f96481585a5625aa60e41b4c22de1321"}
,"C:\\Users\\Upadhya\\Desktop\\namste react\\utills\\appStore.js": {"path":"C:\\Users\\Upadhya\\Desktop\\namste react\\utills\\appStore.js","statementMap":{"0":{"start":{"line":4,"column":17},"end":{"line":8,"column":2}}},"fnMap":{},"branchMap":{},"s":{"0":1},"f":{},"b":{},"_coverageSchema":"1a1c01bbd47fc00a2c39e90264f33305004495a9","hash":"8714abed0b0539c82a2722d386006c15912c1766"}
,"C:\\Users\\Upadhya\\Desktop\\namste react\\utills\\cartSlice.js": {"path":"C:\\Users\\Upadhya\\Desktop\\namste react\\utills\\cartSlice.js","statementMap":{"0":{"start":{"line":3,"column":18},"end":{"line":24,"column":2}},"1":{"start":{"line":11,"column":6},"end":{"line":11,"column":39}},"2":{"start":{"line":14,"column":6},"end":{"line":14,"column":24}},"3":{"start":{"line":21,"column":6},"end":{"line":21,"column":27}},"4":{"start":{"line":26,"column":50},"end":{"line":26,"column":67}}},"fnMap":{"0":{"name":"(anonymous_0)","decl":{"start":{"line":9,"column":13},"end":{"line":9,"column":14}},"loc":{"start":{"line":9,"column":32},"end":{"line":12,"column":5}},"line":9},"1":{"name":"(anonymous_1)","decl":{"start":{"line":13,"column":16},"end":{"line":13,"column":17}},"loc":{"start":{"line":13,"column":35},"end":{"line":15,"column":5}},"line":13},"2":{"name":"(anonymous_2)","decl":{"start":{"line":17,"column":15},"end":{"line":17,"column":16}},"loc":{"start":{"line":17,"column":34},"end":{"line":22,"column":5}},"line":17}},"branchMap":{},"s":{"0":1,"1":0,"2":0,"3":0,"4":1},"f":{"0":0,"1":0,"2":0},"b":{},"_coverageSchema":"1a1c01bbd47fc00a2c39e90264f33305004495a9","hash":"e76d31ad00765189a230b5c592401408fb70f235"}
,"C:\\Users\\Upadhya\\Desktop\\namste react\\utills\\mock data.js": {"path":"C:\\Users\\Upadhya\\Desktop\\namste react\\utills\\mock data.js","statementMap":{"0":{"start":{"line":1,"column":23},"end":{"line":1,"column":106}},"1":{"start":{"line":3,"column":24},"end":{"line":3,"column":169}},"2":{"start":{"line":6,"column":23},"end":{"line":6,"column":114}},"3":{"start":{"line":10,"column":23},"end":{"line":1669,"column":3}}},"fnMap":{},"branchMap":{},"s":{"0":1,"1":1,"2":1,"3":1},"f":{},"b":{},"_coverageSchema":"1a1c01bbd47fc00a2c39e90264f33305004495a9","hash":"53ce294ea8440ff4f74853ae1a3bfea25b5ae7d9"}
,"C:\\Users\\Upadhya\\Desktop\\namste react\\utills\\useOnlinestatus.js": {"path":"C:\\Users\\Upadhya\\Desktop\\namste react\\utills\\useOnlinestatus.js","statementMap":{"0":{"start":{"line":3,"column":24},"end":{"line":17,"column":1}},"1":{"start":{"line":5,"column":44},"end":{"line":5,"column":59}},"2":{"start":{"line":7,"column":4},"end":{"line":14,"column":9}},"3":{"start":{"line":8,"column":8},"end":{"line":13,"column":10}},"4":{"start":{"line":9,"column":12},"end":{"line":9,"column":35}},"5":{"start":{"line":12,"column":12},"end":{"line":12,"column":34}},"6":{"start":{"line":16,"column":4},"end":{"line":16,"column":24}}},"fnMap":{"0":{"name":"(anonymous_0)","decl":{"start":{"line":3,"column":24},"end":{"line":3,"column":25}},"loc":{"start":{"line":3,"column":29},"end":{"line":17,"column":1}},"line":3},"1":{"name":"(anonymous_1)","decl":{"start":{"line":7,"column":15},"end":{"line":7,"column":16}},"loc":{"start":{"line":7,"column":20},"end":{"line":14,"column":5}},"line":7},"2":{"name":"(anonymous_2)","decl":{"start":{"line":8,"column":42},"end":{"line":8,"column":43}},"loc":{"start":{"line":8,"column":47},"end":{"line":10,"column":9}},"line":8},"3":{"name":"(anonymous_3)","decl":{"start":{"line":11,"column":41},"end":{"line":11,"column":42}},"loc":{"start":{"line":11,"column":46},"end":{"line":13,"column":9}},"line":11}},"branchMap":{},"s":{"0":1,"1":4,"2":4,"3":3,"4":0,"5":0,"6":4},"f":{"0":4,"1":3,"2":0,"3":0},"b":{},"_coverageSchema":"1a1c01bbd47fc00a2c39e90264f33305004495a9","hash":"11f22b58160988def5a31a4d25347181aaeae04f"}
}
